<?xml version="1.0" encoding="UTF-8"?>
<testsuite name="testDisplay" tests="1" skipped="0" failures="0" errors="0" timestamp="2023-03-01T19:48:22" hostname="KEMO" time="0.899">
  <properties/>
  <testcase name="testDisplay()" classname="testDisplay" time="0.899"/>
  <system-out><![CDATA[]]></system-out>
  <system-err><![CDATA[]]></system-err>
</testsuite>
