<?xml version="1.0" encoding="UTF-8"?>
<testsuite name="TestAthing" tests="1" skipped="0" failures="0" errors="0" timestamp="2023-03-01T19:48:22" hostname="KEMO" time="0.0">
  <properties/>
  <testcase name="TestAthing()" classname="TestAthing" time="0.0"/>
  <system-out><![CDATA[]]></system-out>
  <system-err><![CDATA[]]></system-err>
</testsuite>
