<?xml version="1.0" encoding="UTF-8"?>
<testsuite name="HouseTest" tests="2" skipped="0" failures="0" errors="0" timestamp="2023-03-01T19:48:21" hostname="KEMO" time="0.004">
  <properties/>
  <testcase name="nextRoom()" classname="HouseTest" time="0.001"/>
  <testcase name="getLevel()" classname="HouseTest" time="0.002"/>
  <system-out><![CDATA[]]></system-out>
  <system-err><![CDATA[]]></system-err>
</testsuite>
